#5198	07jMemrsj6iOEVu85KtoJ9	Viga	Bm890	PIPE_219_1mmX12_7mm_cond2	
#5334	2Y0ZRqNtnCKxh_3nRhX3l3	Viga	Bm93	PIPE_219_1mmX12_7mm_cond2	
#5368	3uh3IPHTLExu2v2rTfH6uL	Viga	Bm94	PIPE_219_1mmX12_7mm_cond2	
#42938	1jc_WUb21BLgezW_cFTg8$	Viga	Bm133	PIPE_219_1mmX12_7mm_cond2	
#85457	2O_aigSSnDuhJ1gVoTx7JI	Viga	Bm731	PIPE_1800mmX60mm	
#98030	0P3tUmYLP2Tw3IEJyUS_gf	Viga	Bm26	CELLAR_SEC_3_400X77	
#171910	2JFO5jo3D6JA_SL1pbs2Fn	Viga	Bm1098	PIPE_219_1mmX12_7mm_cond2	
#171944	0FO4qh56n9h9ZpaN_MDv2v	Viga	Bm1582	PIPE_219_1mmX12_7mm_cond2	
#171978	0fR$AHW1b4uQEGko685FqJ	Viga	Bm1585	PIPE_219_1mmX12_7mm_cond2	
#172012	200ufPVL5AxQSZ3z13ovjH	Viga	Bm1586	PIPE_219_1mmX12_7mm_cond2	
#172046	0z0y3f79H2AATE_70o47E0	Viga	Bm1588	PIPE_219_1mmX12_7mm_cond2	
#172080	1mO9ipLmH4afhG_GsDhrYQ	Viga	Bm1589	PIPE_219_1mmX12_7mm_cond2	
#172114	123Xx1VuP9g9aL30SqalWQ	Viga	Bm1590	PIPE_219_1mmX12_7mm_cond2	
#172148	38TwiuXvT4qP31K16o69_5	Viga	Bm1592	PIPE_219_1mmX12_7mm_cond2	
#172182	2Nvt5uEDH8Off8DgeI7aJx	Viga	Bm1593	PIPE_219_1mmX12_7mm_cond2	
#172216	2bUktmZBrBEe052mEd1Nq2	Viga	Bm1594	PIPE_219_1mmX12_7mm_cond2	
#172250	1yXb_$lZ18pA32vZw3kv3G	Viga	Bm1595	PIPE_219_1mmX12_7mm_cond2	
#172284	14yC03Bl15_ur98AjyTLgx	Viga	Bm1626	PIPE_219_1mmX12_7mm_cond2	
#172318	1tq_oKzsbCOOq0Q0ozdDkG	Viga	Bm1658	PIPE_219_1mmX12_7mm_cond2	
#172352	0vVSPiUhP2EwfNqPuSyXKD	Viga	Bm1659	PIPE_219_1mmX12_7mm_cond2	
#172386	2bc7XEt694yx2vrsw_sLdL	Viga	Bm1660	PIPE_219_1mmX12_7mm_cond2	
#172420	1b1_BTiYb2WRVCt0g05VXM	Viga	Bm1915	PIPE_219_1mmX12_7mm_cond2	
#172454	0lClt5xgD8PBApDNlSZaTc	Viga	Bm2210	PIPE_219_1mmX12_7mm_cond2	
#172488	0JL9GEZgXCeA8RaPiN1_S6	Viga	Bm2211	PIPE_219_1mmX12_7mm_cond2	
#172522	3_AQNiREL8VepZt_vjVKsg	Viga	Bm2212	PIPE_219_1mmX12_7mm_cond2	
#172556	05Sc7mfo9ABBw610MxSZbB	Viga	Bm2245	PIPE_219_1mmX12_7mm_cond2	
#172590	11nVEYOxj8PgduxQst2BLP	Viga	Bm2246	PIPE_219_1mmX12_7mm_cond2	
#172624	1GgvgAl19CUPSnKERq7Lf7	Viga	Bm2248	PIPE_219_1mmX12_7mm_cond2	
#172658	37eGOWlbX8_9vjeWVMkHue	Viga	Bm2249	PIPE_219_1mmX12_7mm_cond2	
#172692	0V6cp2NeX7bPccVpWxKd$D	Viga	Bm2250	PIPE_219_1mmX12_7mm_cond2	
#172726	1LPWEIrVb3LRQB_poNir5x	Viga	Bm2251	PIPE_219_1mmX12_7mm_cond2	
#172760	01bI$8BVv84wJV8HLNrgJB	Viga	Bm2252	PIPE_219_1mmX12_7mm_cond2	
#172794	0p5LrPiQjDX841Z2u9SlIP	Viga	Bm2299	PIPE_219_1mmX12_7mm_cond2	
#172828	1bqOU5dMT0fRI4GZZTN8Kg	Viga	Bm2300	PIPE_219_1mmX12_7mm_cond2	
#172862	2NBMqFgofFgASdj8z9m$UT	Viga	Bm2341	PIPE_219_1mmX12_7mm_cond2	
#172896	1U$_2DR59DGPpDfQ6PQPuH	Viga	Bm2342	PIPE_219_1mmX12_7mm_cond2	
#172930	26TDaEbtTA6P8Xetv4zUwF	Viga	Bm2343	PIPE_219_1mmX12_7mm_cond2	
#172964	1bbqw6uCzFFhpY_W_8RNCY	Viga	Bm2457	PIPE_219_1mmX12_7mm_cond2	
#172998	0EYi2b9_95qe8XIAK8XEWP	Viga	Bm2460	PIPE_219_1mmX12_7mm_cond2	
#173032	1lmHRJS91Aex1C3lhWJ91g	Viga	Bm2461	PIPE_219_1mmX12_7mm_cond2	
#173066	3MIu3K9lfDIu1Pfnn2nmUT	Viga	Bm2464	PIPE_219_1mmX12_7mm_cond2	
#173100	3qRZXt9659FQ1ojEi$iXM5	Viga	Bm2465	PIPE_219_1mmX12_7mm_cond2	
#173134	35ggQc5qf6hhD5KuaFSS5r	Viga	Bm2471	PIPE_219_1mmX12_7mm_cond2	
#173168	39L64QHEfAeuYt6SkPO7JH	Viga	Bm2475	PIPE_219_1mmX12_7mm_cond2	
#173202	1jjB7PF$nErgPBPJPe6k59	Viga	Bm2476	PIPE_219_1mmX12_7mm_cond2	
#173236	1E9bd7ndT3Px16Hm_m1kgy	Viga	Bm2480	PIPE_219_1mmX12_7mm_cond2	
#173270	0x6nyg7kb9U8_xouJYHsY4	Viga	Bm2481	PIPE_219_1mmX12_7mm_cond2	
#173304	2lqnZOqF948uBtewuNAScR	Viga	Bm2488	PIPE_219_1mmX12_7mm_cond2	
#173338	29FlX_53z3P8HD4V4Xnfal	Viga	Bm2491	PIPE_219_1mmX12_7mm_cond2	
#173372	0zQLzyfu90uADpCKjVYza9	Viga	Bm2492	PIPE_219_1mmX12_7mm_cond2	
#173406	1kGI1FQuL5pPt21ZR7Q2Z7	Viga	Bm2495	PIPE_219_1mmX12_7mm_cond2	
#173440	1I5u9sKinC$RB5uzpDfc6z	Viga	Bm2496	PIPE_219_1mmX12_7mm_cond2	
#173474	2yAEzwevbDZePHQ7k$jdd9	Viga	Bm2502	PIPE_219_1mmX12_7mm_cond2	
#173508	3_ENOi$zbCvA$nWgIOcUIG	Viga	Bm2505	PIPE_219_1mmX12_7mm_cond2	
#173542	0ZG0PKre12zx9ZtZVccNt7	Viga	Bm2506	PIPE_219_1mmX12_7mm_cond2	
#173576	2bBQYssr51m9lpB02$P4Ny	Viga	Bm2509	PIPE_219_1mmX12_7mm_cond2	
#173610	0vguclM8T8DRIOSJfl9c2j	Viga	Bm2510	PIPE_219_1mmX12_7mm_cond2	
#173644	0Rex0vvwL7wvg0dnYsB9c_	Viga	Bm2516	PIPE_219_1mmX12_7mm_cond2	
#173678	3fBXV_T6f99foolVvadKZ5	Viga	Bm2518	PIPE_219_1mmX12_7mm_cond2	
#173712	34X8Y_Izj8W903xOdJ6R6q	Viga	Bm2519	PIPE_219_1mmX12_7mm_cond2	
#173746	0eOnYPMCD6DexMfi_wwlIU	Viga	Bm2521	PIPE_219_1mmX12_7mm_cond2	
#173780	2KhF4fKv9Blw2I804vcLTP	Viga	Bm2522	PIPE_219_1mmX12_7mm_cond2	
#173814	0pRHYwOFz0uQmnkfa_QMLN	Viga	Bm2526	PIPE_219_1mmX12_7mm_cond2	
#173848	2ERXy$H5z2kR5l88nbt_8g	Viga	Bm2528	PIPE_219_1mmX12_7mm_cond2	
#173882	1rBlE1hWT9i8O44hAHe03e	Viga	Bm2529	PIPE_219_1mmX12_7mm_cond2	
#173916	2ou7qbzAr72x8DsbJlB_E2	Viga	Bm2531	PIPE_219_1mmX12_7mm_cond2	
#173950	0YlfY47YD6YR7a3SMQRQti	Viga	Bm2532	PIPE_219_1mmX12_7mm_cond2	
#173984	3vBqB2V$LAbQrucBsdxHsf	Viga	Bm2536	PIPE_219_1mmX12_7mm_cond2	
#174018	2BoacrFoP0vO21$Xnu8FEH	Viga	Bm2537	PIPE_219_1mmX12_7mm_cond2	
#174052	3aPh9QVdvBC8jc7LLtGBJQ	Viga	Bm2538	PIPE_219_1mmX12_7mm_cond2	
#174086	00r4l_n352HRRiVy4oDbOW	Viga	Bm2539	PIPE_219_1mmX12_7mm_cond2	
#174120	1i_sWnKb99MgOcH2sb6GcS	Viga	Bm2540	PIPE_219_1mmX12_7mm_cond2	
#174154	36L4hs9H9BPvsyP1mbH0sd	Viga	Bm2542	PIPE_219_1mmX12_7mm_cond2	
#174188	3eMiMBYmz8aQslNgTXlBx8	Viga	Bm2543	PIPE_219_1mmX12_7mm_cond2	
#174222	2eoJybgqn69wUCGB20q905	Viga	Bm2544	PIPE_219_1mmX12_7mm_cond2	
#174256	3Wd60FLMr6b94Ury$7VHLI	Viga	Bm2545	PIPE_219_1mmX12_7mm_cond2	
#174290	1fnQ08_QbEBvz6BUuIb3SS	Viga	Bm2546	PIPE_219_1mmX12_7mm_cond2	
#174324	0gOB1hwYLANOwO6Vsr8SJ7	Viga	Bm2547	PIPE_219_1mmX12_7mm_cond2	
#174358	22PAaaFJ5Fov$TRIw4q9Jp	Viga	Bm2548	PIPE_219_1mmX12_7mm_cond2	
#174392	2_tFx2auz5LgVRExOyJDDD	Viga	Bm2549	PIPE_219_1mmX12_7mm_cond2	
#174426	0HDraTiALDRvlvArn3bs7P	Viga	Bm2550	PIPE_219_1mmX12_7mm_cond2	
#174460	0OTOpxCAfAHQjJmsxn7SBT	Viga	Bm2551	PIPE_219_1mmX12_7mm_cond2	
#174494	3PogtxCOnAhxIkqdQla2bv	Viga	Bm2552	PIPE_219_1mmX12_7mm_cond2	
#174528	0tH3QCQtH9UhE$R6LSXi7E	Viga	Bm2553	PIPE_219_1mmX12_7mm_cond2	
#174562	2JJ2X70abB3P1N1SxvBUsz	Viga	Bm2554	PIPE_219_1mmX12_7mm_cond2	
#174596	34tr4FBoL8yQR55ebYj5ek	Viga	Bm2555	PIPE_219_1mmX12_7mm_cond2	
#174630	2LsoGKDuv3FxdRS3GWKqQK	Viga	Bm2556	PIPE_219_1mmX12_7mm_cond2	
#174664	0jHGT1fpb8kgpz$waFA$lw	Viga	Bm2557	PIPE_219_1mmX12_7mm_cond2	
#174698	1YX6RHvvzC2Bii9D7$NH_L	Viga	Bm2558	PIPE_219_1mmX12_7mm_cond2	
#174732	13k5wX4wn2$fIdn7KqvnLY	Viga	Bm2559	PIPE_219_1mmX12_7mm_cond2	
#174766	2_Do1IP4f8efkIb6ZvfEDA	Viga	Bm2560	PIPE_219_1mmX12_7mm_cond2	
#174800	0jB8MGkDnFgOrQNpwsRQzt	Viga	Bm2561	PIPE_219_1mmX12_7mm_cond2	
#174834	2PZKR1P_L65OcJSZ2P67mR	Viga	Bm2562	PIPE_219_1mmX12_7mm_cond2	
#174868	1YHvoXSmj4aPYs_eS_W4FE	Viga	Bm2563	PIPE_219_1mmX12_7mm_cond2	
#174902	3DBWRSR_XDxxK5dgmUVpUj	Viga	Bm2564	PIPE_219_1mmX12_7mm_cond2	
#174936	24QN6zrZD7$86PIo5gfBg_	Viga	Bm2565	PIPE_219_1mmX12_7mm_cond2	
#174970	0luguM28524xX4yqpUkqiT	Viga	Bm2566	PIPE_219_1mmX12_7mm_cond2	
#175004	3LEyeL589FtR$zvEbO0b4T	Viga	Bm2567	PIPE_219_1mmX12_7mm_cond2	
#175038	2BrMQFR_90CRwfdPLDufFh	Viga	Bm2568	PIPE_219_1mmX12_7mm_cond2	
#175072	0yNxKTdPP6Wg0LWNC0Od8g	Viga	Bm2569	PIPE_219_1mmX12_7mm_cond2	
#175106	2RSiC1$sPACfhlDLT5CUdK	Viga	Bm2570	PIPE_219_1mmX12_7mm_cond2	
#175140	2x8FxXy856T8yuKJvH$Ufi	Viga	Bm2571	PIPE_219_1mmX12_7mm_cond2	
#175174	2K1412Kg1AfRYYksgDerAH	Viga	Bm2572	PIPE_219_1mmX12_7mm_cond2	
#175208	3gVfL9W6zF48YuObAYmA3W	Viga	Bm2573	PIPE_219_1mmX12_7mm_cond2	
#175242	2wXk88dgb7MwirMbunDX$T	Viga	Bm2574	PIPE_219_1mmX12_7mm_cond2	
#175276	1$WQEJlpb4PA4ZYWoH1o7b	Viga	Bm2575	PIPE_219_1mmX12_7mm_cond2	
#175310	2Nj4o2ran6n9GImM4$YaGo	Viga	Bm2576	PIPE_219_1mmX12_7mm_cond2	
#175344	1sSfB8uWT0Zgyb_IS9xIry	Viga	Bm2577	PIPE_219_1mmX12_7mm_cond2	
#175378	2K6$x17XL4a9IhyXx$TLX4	Viga	Bm2578	PIPE_219_1mmX12_7mm_cond2	
#175412	3EWAHT0lDApvyczjOZQW1u	Viga	Bm2579	PIPE_219_1mmX12_7mm_cond2	
#175446	30wdkGooPD6uGi7fQO6u_J	Viga	Bm2580	PIPE_219_1mmX12_7mm_cond2	
#175480	1PzX7JdYr7TO8MuNgmAPTg	Viga	Bm2581	PIPE_219_1mmX12_7mm_cond2	
#175514	3vdzlpVRHEMOHdlDPMPH00	Viga	Bm2582	PIPE_219_1mmX12_7mm_cond2	
#175548	09I85lpe1BFvkp1FG3zcCd	Viga	Bm2583	PIPE_219_1mmX12_7mm_cond2	
